c:\notepad git\powereditor\visual.net\x64\unicode debug\verifysignedfile.obj
c:\notepad git\powereditor\visual.net\x64\unicode debug\autocompletion.obj
c:\notepad git\powereditor\visual.net\x64\unicode debug\buffer.obj
c:\notepad git\powereditor\visual.net\x64\unicode debug\contextmenu.obj
c:\notepad git\powereditor\visual.net\x64\unicode debug\controlstab.obj
c:\notepad git\powereditor\visual.net\x64\unicode debug\dockingsplitter.obj
c:\notepad git\powereditor\visual.net\x64\unicode debug\findcharsinrange.obj
c:\notepad git\powereditor\visual.net\x64\unicode debug\functionparser.obj
c:\notepad git\powereditor\visual.net\x64\unicode debug\jpcntx.obj
c:\notepad git\powereditor\visual.net\x64\unicode debug\langbulgarianmodel.obj
c:\notepad git\powereditor\visual.net\x64\unicode debug\langcyrillicmodel.obj
c:\notepad git\powereditor\visual.net\x64\unicode debug\langgreekmodel.obj
c:\notepad git\powereditor\visual.net\x64\unicode debug\langhebrewmodel.obj
c:\notepad git\powereditor\visual.net\x64\unicode debug\langhungarianmodel.obj
c:\notepad git\powereditor\visual.net\x64\unicode debug\langthaimodel.obj
c:\notepad git\powereditor\visual.net\x64\unicode debug\lastrecentfilelist.obj
c:\notepad git\powereditor\visual.net\x64\unicode debug\minidumper.obj
c:\notepad git\powereditor\visual.net\x64\unicode debug\nppbigswitch.obj
c:\notepad git\powereditor\visual.net\x64\unicode debug\nsbig5prober.obj
c:\notepad git\powereditor\visual.net\x64\unicode debug\nscharsetprober.obj
c:\notepad git\powereditor\visual.net\x64\unicode debug\nsesccharsetprober.obj
c:\notepad git\powereditor\visual.net\x64\unicode debug\nsescsm.obj
c:\notepad git\powereditor\visual.net\x64\unicode debug\nseucjpprober.obj
c:\notepad git\powereditor\visual.net\x64\unicode debug\nseuckrprober.obj
c:\notepad git\powereditor\visual.net\x64\unicode debug\nseuctwprober.obj
c:\notepad git\powereditor\visual.net\x64\unicode debug\nsgb2312prober.obj
c:\notepad git\powereditor\visual.net\x64\unicode debug\nshebrewprober.obj
c:\notepad git\powereditor\visual.net\x64\unicode debug\nslatin1prober.obj
c:\notepad git\powereditor\visual.net\x64\unicode debug\nsmbcsgroupprober.obj
c:\notepad git\powereditor\visual.net\x64\unicode debug\nsmbcssm.obj
c:\notepad git\powereditor\visual.net\x64\unicode debug\nssbcharsetprober.obj
c:\notepad git\powereditor\visual.net\x64\unicode debug\nssbcsgroupprober.obj
c:\notepad git\powereditor\visual.net\x64\unicode debug\nssjisprober.obj
c:\notepad git\powereditor\visual.net\x64\unicode debug\nsutf8prober.obj
c:\notepad git\powereditor\visual.net\x64\unicode debug\parameters.obj
c:\notepad git\powereditor\visual.net\x64\unicode debug\projectpanel.obj
c:\notepad git\powereditor\visual.net\x64\unicode debug\scintillactrls.obj
c:\notepad git\powereditor\visual.net\x64\unicode debug\sizeabledlg.obj
c:\notepad git\powereditor\visual.net\x64\unicode debug\splitter.obj
c:\notepad git\powereditor\visual.net\x64\unicode debug\statusbar.obj
c:\notepad git\powereditor\visual.net\x64\unicode debug\tinystr.obj
c:\notepad git\powereditor\visual.net\x64\unicode debug\tinystra.obj
c:\notepad git\powereditor\visual.net\x64\unicode debug\tinyxmlerrora.obj
c:\notepad git\powereditor\visual.net\x64\unicode debug\tooltip.obj
c:\notepad git\powereditor\visual.net\x64\unicode debug\uchardet.obj
c:\notepad git\powereditor\visual.net\x64\unicode debug\userdefinedialog.obj
c:\notepad git\powereditor\visual.net\x64\unicode debug\windowsdlg.obj
c:\notepad git\powereditor\visual.net\x64\unicode debug\filebrowser.obj
c:\notepad git\powereditor\visual.net\x64\unicode debug\md5dlgs.obj
c:\notepad git\powereditor\visual.net\x64\unicode debug\documentsnapshot.obj
c:\notepad git\powereditor\visual.net\x64\unicode debug\chardistribution.obj
c:\notepad git\powereditor\visual.net\x64\unicode debug\colourpicker.obj
c:\notepad git\powereditor\visual.net\x64\unicode debug\columneditor.obj
c:\notepad git\powereditor\visual.net\x64\unicode debug\dockingcont.obj
c:\notepad git\powereditor\visual.net\x64\unicode debug\documentmap.obj
c:\notepad git\powereditor\visual.net\x64\unicode debug\functionlistpanel.obj
c:\notepad git\powereditor\visual.net\x64\unicode debug\idallocator.obj
c:\notepad git\powereditor\visual.net\x64\unicode debug\imagelistset.obj
c:\notepad git\powereditor\visual.net\x64\unicode debug\lesdlgs.obj
c:\notepad git\powereditor\visual.net\x64\unicode debug\notepad_plus.obj
c:\notepad git\powereditor\visual.net\x64\unicode debug\nppnotification.obj
c:\notepad git\powereditor\visual.net\x64\unicode debug\preferencedlg.obj
c:\notepad git\powereditor\visual.net\x64\unicode debug\rundlg.obj
c:\notepad git\powereditor\visual.net\x64\unicode debug\shortcutmapper.obj
c:\notepad git\powereditor\visual.net\x64\unicode debug\staticdialog.obj
c:\notepad git\powereditor\visual.net\x64\unicode debug\tasklistdlg.obj
c:\notepad git\powereditor\visual.net\x64\unicode debug\tinyxmlerror.obj
c:\notepad git\powereditor\visual.net\x64\unicode debug\tinyxmlparsera.obj
c:\notepad git\powereditor\visual.net\x64\unicode debug\treeview.obj
c:\notepad git\powereditor\visual.net\x64\unicode debug\verticalfileswitcherlistview.obj
c:\notepad git\powereditor\visual.net\x64\unicode debug\winrect.obj
c:\notepad git\powereditor\visual.net\x64\unicode debug\xmlmatchedtagshighlighter.obj
c:\notepad git\powereditor\visual.net\x64\unicode debug\readdirectorychangesprivate.obj
c:\notepad git\powereditor\visual.net\x64\unicode debug\sha-256.obj
c:\notepad git\powereditor\visual.net\x64\unicode debug\ansicharpanel.obj
c:\notepad git\powereditor\visual.net\x64\unicode debug\babygrid.obj
c:\notepad git\powereditor\visual.net\x64\unicode debug\clipboardhistorypanel.obj
c:\notepad git\powereditor\visual.net\x64\unicode debug\common.obj
c:\notepad git\powereditor\visual.net\x64\unicode debug\dockingmanager.obj
c:\notepad git\powereditor\visual.net\x64\unicode debug\encodingmapper.obj
c:\notepad git\powereditor\visual.net\x64\unicode debug\filedialog.obj
c:\notepad git\powereditor\visual.net\x64\unicode debug\findreplacedlg.obj
c:\notepad git\powereditor\visual.net\x64\unicode debug\gripper.obj
c:\notepad git\powereditor\visual.net\x64\unicode debug\localization.obj
c:\notepad git\powereditor\visual.net\x64\unicode debug\nppcommands.obj
c:\notepad git\powereditor\visual.net\x64\unicode debug\nsuniversaldetector.obj
c:\notepad git\powereditor\visual.net\x64\unicode debug\pluginsmanager.obj
c:\notepad git\powereditor\visual.net\x64\unicode debug\printer.obj
c:\notepad git\powereditor\visual.net\x64\unicode debug\runmacrodlg.obj
c:\notepad git\powereditor\visual.net\x64\unicode debug\shortcut.obj
c:\notepad git\powereditor\visual.net\x64\unicode debug\splittercontainer.obj
c:\notepad git\powereditor\visual.net\x64\unicode debug\tasklist.obj
c:\notepad git\powereditor\visual.net\x64\unicode debug\tinyxmla.obj
c:\notepad git\powereditor\visual.net\x64\unicode debug\toolbar.obj
c:\notepad git\powereditor\visual.net\x64\unicode debug\uniconversion.obj
c:\notepad git\powereditor\visual.net\x64\unicode debug\utf8_16.obj
c:\notepad git\powereditor\visual.net\x64\unicode debug\win32exception.obj
c:\notepad git\powereditor\visual.net\x64\unicode debug\winmgr.obj
c:\notepad git\powereditor\visual.net\x64\unicode debug\wordstyledlg.obj
c:\notepad git\powereditor\visual.net\x64\unicode debug\aboutdlg.obj
c:\notepad git\powereditor\visual.net\x64\unicode debug\asciilistview.obj
c:\notepad git\powereditor\visual.net\x64\unicode debug\babygridwrapper.obj
c:\notepad git\powereditor\visual.net\x64\unicode debug\colourpopup.obj
c:\notepad git\powereditor\visual.net\x64\unicode debug\pluginsadmin.obj
c:\notepad git\powereditor\visual.net\x64\unicode debug\doctabview.obj
c:\notepad git\powereditor\visual.net\x64\unicode debug\functioncalltip.obj
c:\notepad git\powereditor\visual.net\x64\unicode debug\gotolinedlg.obj
c:\notepad git\powereditor\visual.net\x64\unicode debug\listview.obj
c:\notepad git\powereditor\visual.net\x64\unicode debug\notepad_plus_window.obj
c:\notepad git\powereditor\visual.net\x64\unicode debug\nppio.obj
c:\notepad git\powereditor\visual.net\x64\unicode debug\processus.obj
c:\notepad git\powereditor\visual.net\x64\unicode debug\regextdlg.obj
c:\notepad git\powereditor\visual.net\x64\unicode debug\scintillaeditview.obj
c:\notepad git\powereditor\visual.net\x64\unicode debug\smarthighlighter.obj
c:\notepad git\powereditor\visual.net\x64\unicode debug\tabbar.obj
c:\notepad git\powereditor\visual.net\x64\unicode debug\tinyxml.obj
c:\notepad git\powereditor\visual.net\x64\unicode debug\tinyxmlparser.obj
c:\notepad git\powereditor\visual.net\x64\unicode debug\trayiconcontroler.obj
c:\notepad git\powereditor\visual.net\x64\unicode debug\urlctrl.obj
c:\notepad git\powereditor\visual.net\x64\unicode debug\verticalfileswitcher.obj
c:\notepad git\powereditor\visual.net\x64\unicode debug\winmain.obj
c:\notepad git\powereditor\visual.net\x64\unicode debug\readdirectorychanges.obj
c:\notepad git\powereditor\visual.net\x64\unicode debug\vc141.pdb
c:\notepad git\powereditor\visual.net\x64\unicode debug\notepad++.exe
c:\notepad git\powereditor\visual.net\x64\unicode debug\notepadplus.pdb
c:\notepad git\powereditor\visual.net\x64\unicode debug\md5dlgs.res
c:\notepad git\powereditor\visual.net\x64\unicode debug\ansicharpanel.res
c:\notepad git\powereditor\visual.net\x64\unicode debug\clipboardhistorypanel.res
c:\notepad git\powereditor\visual.net\x64\unicode debug\colourpopup.res
c:\notepad git\powereditor\visual.net\x64\unicode debug\columneditor.res
c:\notepad git\powereditor\visual.net\x64\unicode debug\dockingguiwidget.res
c:\notepad git\powereditor\visual.net\x64\unicode debug\documentmap.res
c:\notepad git\powereditor\visual.net\x64\unicode debug\documentsnapshot.res
c:\notepad git\powereditor\visual.net\x64\unicode debug\findcharsinrange.res
c:\notepad git\powereditor\visual.net\x64\unicode debug\findreplacedlg.res
c:\notepad git\powereditor\visual.net\x64\unicode debug\functionlistpanel.res
c:\notepad git\powereditor\visual.net\x64\unicode debug\notepad_plus.res
c:\notepad git\powereditor\visual.net\x64\unicode debug\pluginsadmin.res
c:\notepad git\powereditor\visual.net\x64\unicode debug\preference.res
c:\notepad git\powereditor\visual.net\x64\unicode debug\projectpanel.res
c:\notepad git\powereditor\visual.net\x64\unicode debug\regextdlg.res
c:\notepad git\powereditor\visual.net\x64\unicode debug\rundlg.res
c:\notepad git\powereditor\visual.net\x64\unicode debug\runmacrodlg.res
c:\notepad git\powereditor\visual.net\x64\unicode debug\shortcut.res
c:\notepad git\powereditor\visual.net\x64\unicode debug\shortcutmapper.res
c:\notepad git\powereditor\visual.net\x64\unicode debug\tasklistdlg.res
c:\notepad git\powereditor\visual.net\x64\unicode debug\userdefinedialog.res
c:\notepad git\powereditor\visual.net\x64\unicode debug\verticalfileswitcher.res
c:\notepad git\powereditor\visual.net\x64\unicode debug\windowsdlg.res
c:\notepad git\powereditor\visual.net\x64\unicode debug\wordstyledlg.res
c:\notepad git\powereditor\visual.net\x64\unicode debug\filebrowser.res
c:\notepad git\powereditor\visual.net\x64\unicode debug\scilexer.exp
c:\notepad git\powereditor\visual.net\x64\unicode debug\scilexer.pdb
c:\notepad git\powereditor\visual.net\x64\unicode debug\scilexer.bsc
c:\notepad git\powereditor\visual.net\x64\unicode debug\notepad++.tlog\cl.12808.write.1.tlog
c:\notepad git\powereditor\visual.net\x64\unicode debug\notepad++.tlog\cl.command.1.tlog
c:\notepad git\powereditor\visual.net\x64\unicode debug\notepad++.tlog\cl.read.1.tlog
c:\notepad git\powereditor\visual.net\x64\unicode debug\notepad++.tlog\link.command.1.tlog
c:\notepad git\powereditor\visual.net\x64\unicode debug\notepad++.tlog\link.read.1.tlog
c:\notepad git\powereditor\visual.net\x64\unicode debug\notepad++.tlog\link.write.1.tlog
c:\notepad git\powereditor\visual.net\x64\unicode debug\notepad++.tlog\rc.command.1.tlog
c:\notepad git\powereditor\visual.net\x64\unicode debug\notepad++.tlog\rc.read.1.tlog
c:\notepad git\powereditor\visual.net\x64\unicode debug\notepad++.tlog\rc.write.1.tlog
