c:\notepad git\powereditor\visual.net\x64\debug\scilexer.bsc
c:\notepad git\scintilla\win32\x64\debug\lexabaqus.sbr
c:\notepad git\scintilla\win32\x64\debug\lexabaqus.obj
c:\notepad git\scintilla\win32\x64\debug\lexasm.sbr
c:\notepad git\scintilla\win32\x64\debug\lexasm.obj
c:\notepad git\scintilla\win32\x64\debug\lexbatch.sbr
c:\notepad git\scintilla\win32\x64\debug\lexbatch.obj
c:\notepad git\scintilla\win32\x64\debug\lexbibtex.sbr
c:\notepad git\scintilla\win32\x64\debug\lexbibtex.obj
c:\notepad git\scintilla\win32\x64\debug\lexcpp.sbr
c:\notepad git\scintilla\win32\x64\debug\lexcpp.obj
c:\notepad git\scintilla\win32\x64\debug\lexerrorlist.sbr
c:\notepad git\scintilla\win32\x64\debug\lexerrorlist.obj
c:\notepad git\scintilla\win32\x64\debug\lexflagship.sbr
c:\notepad git\scintilla\win32\x64\debug\lexflagship.obj
c:\notepad git\scintilla\win32\x64\debug\lexfortran.sbr
c:\notepad git\scintilla\win32\x64\debug\lexfortran.obj
c:\notepad git\scintilla\win32\x64\debug\lexhex.sbr
c:\notepad git\scintilla\win32\x64\debug\lexhex.obj
c:\notepad git\scintilla\win32\x64\debug\lexinno.sbr
c:\notepad git\scintilla\win32\x64\debug\lexinno.obj
c:\notepad git\scintilla\win32\x64\debug\lexjson.sbr
c:\notepad git\scintilla\win32\x64\debug\lexjson.obj
c:\notepad git\scintilla\win32\x64\debug\lexmagik.sbr
c:\notepad git\scintilla\win32\x64\debug\lexmagik.obj
c:\notepad git\scintilla\win32\x64\debug\lexmatlab.sbr
c:\notepad git\scintilla\win32\x64\debug\lexmatlab.obj
c:\notepad git\scintilla\win32\x64\debug\lexmmixal.sbr
c:\notepad git\scintilla\win32\x64\debug\lexmmixal.obj
c:\notepad git\scintilla\win32\x64\debug\lexmssql.sbr
c:\notepad git\scintilla\win32\x64\debug\lexmssql.obj
c:\notepad git\scintilla\win32\x64\debug\lexnim.sbr
c:\notepad git\scintilla\win32\x64\debug\lexnim.obj
c:\notepad git\scintilla\win32\x64\debug\lexpo.sbr
c:\notepad git\scintilla\win32\x64\debug\lexpo.obj
c:\notepad git\scintilla\win32\x64\debug\lexpowershell.sbr
c:\notepad git\scintilla\win32\x64\debug\lexpowershell.obj
c:\notepad git\scintilla\win32\x64\debug\lexps.sbr
c:\notepad git\scintilla\win32\x64\debug\lexps.obj
c:\notepad git\scintilla\win32\x64\debug\lexr.sbr
c:\notepad git\scintilla\win32\x64\debug\lexr.obj
c:\notepad git\scintilla\win32\x64\debug\lexregistry.sbr
c:\notepad git\scintilla\win32\x64\debug\lexregistry.obj
c:\notepad git\scintilla\win32\x64\debug\lexsml.sbr
c:\notepad git\scintilla\win32\x64\debug\lexsml.obj
c:\notepad git\scintilla\win32\x64\debug\lexspecman.sbr
c:\notepad git\scintilla\win32\x64\debug\lexspecman.obj
c:\notepad git\scintilla\win32\x64\debug\lexsttxt.sbr
c:\notepad git\scintilla\win32\x64\debug\lexsttxt.obj
c:\notepad git\scintilla\win32\x64\debug\lextads3.sbr
c:\notepad git\scintilla\win32\x64\debug\lextads3.obj
c:\notepad git\scintilla\win32\x64\debug\lextcl.sbr
c:\notepad git\scintilla\win32\x64\debug\lextcl.obj
c:\notepad git\scintilla\win32\x64\debug\lextex.sbr
c:\notepad git\scintilla\win32\x64\debug\lextex.obj
c:\notepad git\scintilla\win32\x64\debug\lexuser.sbr
c:\notepad git\scintilla\win32\x64\debug\lexuser.obj
c:\notepad git\scintilla\win32\x64\debug\stylecontext.sbr
c:\notepad git\scintilla\win32\x64\debug\stylecontext.obj
c:\notepad git\scintilla\win32\x64\debug\wordlist.sbr
c:\notepad git\scintilla\win32\x64\debug\wordlist.obj
c:\notepad git\scintilla\win32\x64\debug\casefolder.sbr
c:\notepad git\scintilla\win32\x64\debug\casefolder.obj
c:\notepad git\scintilla\win32\x64\debug\cellbuffer.sbr
c:\notepad git\scintilla\win32\x64\debug\cellbuffer.obj
c:\notepad git\scintilla\win32\x64\debug\editmodel.sbr
c:\notepad git\scintilla\win32\x64\debug\editmodel.obj
c:\notepad git\scintilla\win32\x64\debug\indicator.sbr
c:\notepad git\scintilla\win32\x64\debug\indicator.obj
c:\notepad git\scintilla\win32\x64\debug\perline.sbr
c:\notepad git\scintilla\win32\x64\debug\perline.obj
c:\notepad git\scintilla\win32\x64\debug\scintillabase.sbr
c:\notepad git\scintilla\win32\x64\debug\scintillabase.obj
c:\notepad git\scintilla\win32\x64\debug\uniquestring.sbr
c:\notepad git\scintilla\win32\x64\debug\uniquestring.obj
c:\notepad git\scintilla\win32\x64\debug\platwin.sbr
c:\notepad git\scintilla\win32\x64\debug\platwin.obj
c:\notepad git\scintilla\win32\x64\debug\lexada.sbr
c:\notepad git\scintilla\win32\x64\debug\lexada.obj
c:\notepad git\scintilla\win32\x64\debug\lexbasic.sbr
c:\notepad git\scintilla\win32\x64\debug\lexbasic.obj
c:\notepad git\scintilla\win32\x64\debug\lexcaml.sbr
c:\notepad git\scintilla\win32\x64\debug\lexcaml.obj
c:\notepad git\scintilla\win32\x64\debug\lexcmake.sbr
c:\notepad git\scintilla\win32\x64\debug\lexcmake.obj
c:\notepad git\scintilla\win32\x64\debug\lexcoffeescript.sbr
c:\notepad git\scintilla\win32\x64\debug\lexcoffeescript.obj
c:\notepad git\scintilla\win32\x64\debug\lexd.sbr
c:\notepad git\scintilla\win32\x64\debug\lexd.obj
c:\notepad git\scintilla\win32\x64\debug\lexerlang.sbr
c:\notepad git\scintilla\win32\x64\debug\lexerlang.obj
c:\notepad git\scintilla\win32\x64\debug\lexforth.sbr
c:\notepad git\scintilla\win32\x64\debug\lexforth.obj
c:\notepad git\scintilla\win32\x64\debug\lexgui4cli.sbr
c:\notepad git\scintilla\win32\x64\debug\lexgui4cli.obj
c:\notepad git\scintilla\win32\x64\debug\lexindent.sbr
c:\notepad git\scintilla\win32\x64\debug\lexindent.obj
c:\notepad git\scintilla\win32\x64\debug\lexkix.sbr
c:\notepad git\scintilla\win32\x64\debug\lexkix.obj
c:\notepad git\scintilla\win32\x64\debug\lexkvirc.sbr
c:\notepad git\scintilla\win32\x64\debug\lexkvirc.obj
c:\notepad git\scintilla\win32\x64\debug\lexlatex.sbr
c:\notepad git\scintilla\win32\x64\debug\lexlatex.obj
c:\notepad git\scintilla\win32\x64\debug\lexmarkdown.sbr
c:\notepad git\scintilla\win32\x64\debug\lexmarkdown.obj
c:\notepad git\scintilla\win32\x64\debug\lexmetapost.sbr
c:\notepad git\scintilla\win32\x64\debug\lexmetapost.obj
c:\notepad git\scintilla\win32\x64\debug\lexmpt.sbr
c:\notepad git\scintilla\win32\x64\debug\lexmpt.obj
c:\notepad git\scintilla\win32\x64\debug\lexoscript.sbr
c:\notepad git\scintilla\win32\x64\debug\lexoscript.obj
c:\notepad git\scintilla\win32\x64\debug\lexplm.sbr
c:\notepad git\scintilla\win32\x64\debug\lexplm.obj
c:\notepad git\scintilla\win32\x64\debug\lexpowerpro.sbr
c:\notepad git\scintilla\win32\x64\debug\lexpowerpro.obj
c:\notepad git\scintilla\win32\x64\debug\lexprops.sbr
c:\notepad git\scintilla\win32\x64\debug\lexprops.obj
c:\notepad git\scintilla\win32\x64\debug\lexpython.sbr
c:\notepad git\scintilla\win32\x64\debug\lexpython.obj
c:\notepad git\scintilla\win32\x64\debug\lexsmalltalk.sbr
c:\notepad git\scintilla\win32\x64\debug\lexsmalltalk.obj
c:\notepad git\scintilla\win32\x64\debug\lexsorcus.sbr
c:\notepad git\scintilla\win32\x64\debug\lexsorcus.obj
c:\notepad git\scintilla\win32\x64\debug\lexspice.sbr
c:\notepad git\scintilla\win32\x64\debug\lexspice.obj
c:\notepad git\scintilla\win32\x64\debug\lextxt2tags.sbr
c:\notepad git\scintilla\win32\x64\debug\lextxt2tags.obj
c:\notepad git\scintilla\win32\x64\debug\lexverilog.sbr
c:\notepad git\scintilla\win32\x64\debug\lexverilog.obj
c:\notepad git\scintilla\win32\x64\debug\lexerbase.sbr
c:\notepad git\scintilla\win32\x64\debug\lexerbase.obj
c:\notepad git\scintilla\win32\x64\debug\lexernoexceptions.sbr
c:\notepad git\scintilla\win32\x64\debug\lexernoexceptions.obj
c:\notepad git\scintilla\win32\x64\debug\propsetsimple.sbr
c:\notepad git\scintilla\win32\x64\debug\propsetsimple.obj
c:\notepad git\scintilla\win32\x64\debug\caseconvert.sbr
c:\notepad git\scintilla\win32\x64\debug\caseconvert.obj
c:\notepad git\scintilla\win32\x64\debug\contractionstate.sbr
c:\notepad git\scintilla\win32\x64\debug\contractionstate.obj
c:\notepad git\scintilla\win32\x64\debug\editor.sbr
c:\notepad git\scintilla\win32\x64\debug\editor.obj
c:\notepad git\scintilla\win32\x64\debug\linemarker.sbr
c:\notepad git\scintilla\win32\x64\debug\linemarker.obj
c:\notepad git\scintilla\win32\x64\debug\research.sbr
c:\notepad git\scintilla\win32\x64\debug\research.obj
c:\notepad git\scintilla\win32\x64\debug\selection.sbr
c:\notepad git\scintilla\win32\x64\debug\selection.obj
c:\notepad git\scintilla\win32\x64\debug\viewstyle.sbr
c:\notepad git\scintilla\win32\x64\debug\viewstyle.obj
c:\notepad git\scintilla\win32\x64\debug\scintilladll.sbr
c:\notepad git\scintilla\win32\x64\debug\scintilladll.obj
c:\notepad git\scintilla\win32\x64\debug\lexa68k.sbr
c:\notepad git\scintilla\win32\x64\debug\lexa68k.obj
c:\notepad git\scintilla\win32\x64\debug\lexasn1.sbr
c:\notepad git\scintilla\win32\x64\debug\lexasn1.obj
c:\notepad git\scintilla\win32\x64\debug\lexave.sbr
c:\notepad git\scintilla\win32\x64\debug\lexave.obj
c:\notepad git\scintilla\win32\x64\debug\lexbaan.sbr
c:\notepad git\scintilla\win32\x64\debug\lexbaan.obj
c:\notepad git\scintilla\win32\x64\debug\lexbullant.sbr
c:\notepad git\scintilla\win32\x64\debug\lexbullant.obj
c:\notepad git\scintilla\win32\x64\debug\lexcil.sbr
c:\notepad git\scintilla\win32\x64\debug\lexcil.obj
c:\notepad git\scintilla\win32\x64\debug\lexcss.sbr
c:\notepad git\scintilla\win32\x64\debug\lexcss.obj
c:\notepad git\scintilla\win32\x64\debug\lexdiff.sbr
c:\notepad git\scintilla\win32\x64\debug\lexdiff.obj
c:\notepad git\scintilla\win32\x64\debug\lexdmis.sbr
c:\notepad git\scintilla\win32\x64\debug\lexdmis.obj
c:\notepad git\scintilla\win32\x64\debug\lexedifact.sbr
c:\notepad git\scintilla\win32\x64\debug\lexedifact.obj
c:\notepad git\scintilla\win32\x64\debug\lexeiffel.sbr
c:\notepad git\scintilla\win32\x64\debug\lexeiffel.obj
c:\notepad git\scintilla\win32\x64\debug\lexescript.sbr
c:\notepad git\scintilla\win32\x64\debug\lexescript.obj
c:\notepad git\scintilla\win32\x64\debug\lexgap.sbr
c:\notepad git\scintilla\win32\x64\debug\lexgap.obj
c:\notepad git\scintilla\win32\x64\debug\lexhaskell.sbr
c:\notepad git\scintilla\win32\x64\debug\lexhaskell.obj
c:\notepad git\scintilla\win32\x64\debug\lexlisp.sbr
c:\notepad git\scintilla\win32\x64\debug\lexlisp.obj
c:\notepad git\scintilla\win32\x64\debug\lexlua.sbr
c:\notepad git\scintilla\win32\x64\debug\lexlua.obj
c:\notepad git\scintilla\win32\x64\debug\lexnimrod.sbr
c:\notepad git\scintilla\win32\x64\debug\lexnimrod.obj
c:\notepad git\scintilla\win32\x64\debug\lexnull.sbr
c:\notepad git\scintilla\win32\x64\debug\lexnull.obj
c:\notepad git\scintilla\win32\x64\debug\lexopal.sbr
c:\notepad git\scintilla\win32\x64\debug\lexopal.obj
c:\notepad git\scintilla\win32\x64\debug\lexpb.sbr
c:\notepad git\scintilla\win32\x64\debug\lexpb.obj
c:\notepad git\scintilla\win32\x64\debug\lexpov.sbr
c:\notepad git\scintilla\win32\x64\debug\lexpov.obj
c:\notepad git\scintilla\win32\x64\debug\lexprogress.sbr
c:\notepad git\scintilla\win32\x64\debug\lexprogress.obj
c:\notepad git\scintilla\win32\x64\debug\lexrust.sbr
c:\notepad git\scintilla\win32\x64\debug\lexrust.obj
c:\notepad git\scintilla\win32\x64\debug\lexstata.sbr
c:\notepad git\scintilla\win32\x64\debug\lexstata.obj
c:\notepad git\scintilla\win32\x64\debug\lextacl.sbr
c:\notepad git\scintilla\win32\x64\debug\lextacl.obj
c:\notepad git\scintilla\win32\x64\debug\lextal.sbr
c:\notepad git\scintilla\win32\x64\debug\lextal.obj
c:\notepad git\scintilla\win32\x64\debug\lextcmd.sbr
c:\notepad git\scintilla\win32\x64\debug\lextcmd.obj
c:\notepad git\scintilla\win32\x64\debug\lexvb.sbr
c:\notepad git\scintilla\win32\x64\debug\lexvb.obj
c:\notepad git\scintilla\win32\x64\debug\lexvisualprolog.sbr
c:\notepad git\scintilla\win32\x64\debug\lexvisualprolog.obj
c:\notepad git\scintilla\win32\x64\debug\charactercategory.sbr
c:\notepad git\scintilla\win32\x64\debug\charactercategory.obj
c:\notepad git\scintilla\win32\x64\debug\lexersimple.sbr
c:\notepad git\scintilla\win32\x64\debug\lexersimple.obj
c:\notepad git\scintilla\win32\x64\debug\calltip.sbr
c:\notepad git\scintilla\win32\x64\debug\calltip.obj
c:\notepad git\scintilla\win32\x64\debug\charclassify.sbr
c:\notepad git\scintilla\win32\x64\debug\charclassify.obj
c:\notepad git\scintilla\win32\x64\debug\document.sbr
c:\notepad git\scintilla\win32\x64\debug\document.obj
c:\notepad git\scintilla\win32\x64\debug\externallexer.sbr
c:\notepad git\scintilla\win32\x64\debug\externallexer.obj
c:\notepad git\scintilla\win32\x64\debug\marginview.sbr
c:\notepad git\scintilla\win32\x64\debug\marginview.obj
c:\notepad git\scintilla\win32\x64\debug\runstyles.sbr
c:\notepad git\scintilla\win32\x64\debug\runstyles.obj
c:\notepad git\scintilla\win32\x64\debug\uniconversion.sbr
c:\notepad git\scintilla\win32\x64\debug\uniconversion.obj
c:\notepad git\scintilla\win32\x64\debug\hanjadic.sbr
c:\notepad git\scintilla\win32\x64\debug\hanjadic.obj
c:\notepad git\scintilla\win32\x64\debug\lexapdl.sbr
c:\notepad git\scintilla\win32\x64\debug\lexapdl.obj
c:\notepad git\scintilla\win32\x64\debug\lexasy.sbr
c:\notepad git\scintilla\win32\x64\debug\lexasy.obj
c:\notepad git\scintilla\win32\x64\debug\lexau3.sbr
c:\notepad git\scintilla\win32\x64\debug\lexau3.obj
c:\notepad git\scintilla\win32\x64\debug\lexavs.sbr
c:\notepad git\scintilla\win32\x64\debug\lexavs.obj
c:\notepad git\scintilla\win32\x64\debug\lexbash.sbr
c:\notepad git\scintilla\win32\x64\debug\lexbash.obj
c:\notepad git\scintilla\win32\x64\debug\lexclw.sbr
c:\notepad git\scintilla\win32\x64\debug\lexclw.obj
c:\notepad git\scintilla\win32\x64\debug\lexcobol.sbr
c:\notepad git\scintilla\win32\x64\debug\lexcobol.obj
c:\notepad git\scintilla\win32\x64\debug\lexconf.sbr
c:\notepad git\scintilla\win32\x64\debug\lexconf.obj
c:\notepad git\scintilla\win32\x64\debug\lexcrontab.sbr
c:\notepad git\scintilla\win32\x64\debug\lexcrontab.obj
c:\notepad git\scintilla\win32\x64\debug\lexcsound.sbr
c:\notepad git\scintilla\win32\x64\debug\lexcsound.obj
c:\notepad git\scintilla\win32\x64\debug\lexdataflex.sbr
c:\notepad git\scintilla\win32\x64\debug\lexdataflex.obj
c:\notepad git\scintilla\win32\x64\debug\lexdmap.sbr
c:\notepad git\scintilla\win32\x64\debug\lexdmap.obj
c:\notepad git\scintilla\win32\x64\debug\lexecl.sbr
c:\notepad git\scintilla\win32\x64\debug\lexecl.obj
c:\notepad git\scintilla\win32\x64\debug\lexhtml.sbr
c:\notepad git\scintilla\win32\x64\debug\lexhtml.obj
c:\notepad git\scintilla\win32\x64\debug\lexlout.sbr
c:\notepad git\scintilla\win32\x64\debug\lexlout.obj
c:\notepad git\scintilla\win32\x64\debug\lexmake.sbr
c:\notepad git\scintilla\win32\x64\debug\lexmake.obj
c:\notepad git\scintilla\win32\x64\debug\lexmaxima.sbr
c:\notepad git\scintilla\win32\x64\debug\lexmaxima.obj
c:\notepad git\scintilla\win32\x64\debug\lexmodula.sbr
c:\notepad git\scintilla\win32\x64\debug\lexmodula.obj
c:\notepad git\scintilla\win32\x64\debug\lexmysql.sbr
c:\notepad git\scintilla\win32\x64\debug\lexmysql.obj
c:\notepad git\scintilla\win32\x64\debug\lexnsis.sbr
c:\notepad git\scintilla\win32\x64\debug\lexnsis.obj
c:\notepad git\scintilla\win32\x64\debug\lexobjc.sbr
c:\notepad git\scintilla\win32\x64\debug\lexobjc.obj
c:\notepad git\scintilla\win32\x64\debug\lexpascal.sbr
c:\notepad git\scintilla\win32\x64\debug\lexpascal.obj
c:\notepad git\scintilla\win32\x64\debug\lexperl.sbr
c:\notepad git\scintilla\win32\x64\debug\lexperl.obj
c:\notepad git\scintilla\win32\x64\debug\lexrebol.sbr
c:\notepad git\scintilla\win32\x64\debug\lexrebol.obj
c:\notepad git\scintilla\win32\x64\debug\lexruby.sbr
c:\notepad git\scintilla\win32\x64\debug\lexruby.obj
c:\notepad git\scintilla\win32\x64\debug\lexsas.sbr
c:\notepad git\scintilla\win32\x64\debug\lexsas.obj
c:\notepad git\scintilla\win32\x64\debug\lexscriptol.sbr
c:\notepad git\scintilla\win32\x64\debug\lexscriptol.obj
c:\notepad git\scintilla\win32\x64\debug\lexsearchresult.sbr
c:\notepad git\scintilla\win32\x64\debug\lexsearchresult.obj
c:\notepad git\scintilla\win32\x64\debug\lexsql.sbr
c:\notepad git\scintilla\win32\x64\debug\lexsql.obj
c:\notepad git\scintilla\win32\x64\debug\lexvhdl.sbr
c:\notepad git\scintilla\win32\x64\debug\lexvhdl.obj
c:\notepad git\scintilla\win32\x64\debug\lexx12.sbr
c:\notepad git\scintilla\win32\x64\debug\lexx12.obj
c:\notepad git\scintilla\win32\x64\debug\lexyaml.sbr
c:\notepad git\scintilla\win32\x64\debug\lexyaml.obj
c:\notepad git\scintilla\win32\x64\debug\accessor.sbr
c:\notepad git\scintilla\win32\x64\debug\accessor.obj
c:\notepad git\scintilla\win32\x64\debug\characterset.sbr
c:\notepad git\scintilla\win32\x64\debug\characterset.obj
c:\notepad git\scintilla\win32\x64\debug\defaultlexer.sbr
c:\notepad git\scintilla\win32\x64\debug\defaultlexer.obj
c:\notepad git\scintilla\win32\x64\debug\lexermodule.sbr
c:\notepad git\scintilla\win32\x64\debug\lexermodule.obj
c:\notepad git\scintilla\win32\x64\debug\autocomplete.sbr
c:\notepad git\scintilla\win32\x64\debug\autocomplete.obj
c:\notepad git\scintilla\win32\x64\debug\catalogue.sbr
c:\notepad git\scintilla\win32\x64\debug\catalogue.obj
c:\notepad git\scintilla\win32\x64\debug\dbcs.sbr
c:\notepad git\scintilla\win32\x64\debug\dbcs.obj
c:\notepad git\scintilla\win32\x64\debug\decoration.sbr
c:\notepad git\scintilla\win32\x64\debug\decoration.obj
c:\notepad git\scintilla\win32\x64\debug\editview.sbr
c:\notepad git\scintilla\win32\x64\debug\editview.obj
c:\notepad git\scintilla\win32\x64\debug\keymap.sbr
c:\notepad git\scintilla\win32\x64\debug\keymap.obj
c:\notepad git\scintilla\win32\x64\debug\positioncache.sbr
c:\notepad git\scintilla\win32\x64\debug\positioncache.obj
c:\notepad git\scintilla\win32\x64\debug\style.sbr
c:\notepad git\scintilla\win32\x64\debug\style.obj
c:\notepad git\scintilla\win32\x64\debug\xpm.sbr
c:\notepad git\scintilla\win32\x64\debug\xpm.obj
c:\notepad git\scintilla\win32\x64\debug\scintillawin.sbr
c:\notepad git\scintilla\win32\x64\debug\scintillawin.obj
c:\notepad git\scintilla\win32\x64\debug\vc141.pdb
c:\notepad git\powereditor\visual.net\x64\debug\scilexer.dll
c:\notepad git\powereditor\visual.net\x64\debug\scilexer.pdb
c:\notepad git\scintilla\win32\x64\debug\scintres.res
c:\notepad git\powereditor\visual.net\x64\debug\scilexer.lib
c:\notepad git\powereditor\visual.net\x64\debug\scilexer.exp
c:\notepad git\scintilla\win32\x64\debug\scilexer.tlog\bscmake.command.1.tlog
c:\notepad git\scintilla\win32\x64\debug\scilexer.tlog\bscmake.read.1.tlog
c:\notepad git\scintilla\win32\x64\debug\scilexer.tlog\bscmake.write.1.tlog
c:\notepad git\scintilla\win32\x64\debug\scilexer.tlog\cl.12296.write.1.tlog
c:\notepad git\scintilla\win32\x64\debug\scilexer.tlog\cl.command.1.tlog
c:\notepad git\scintilla\win32\x64\debug\scilexer.tlog\cl.read.1.tlog
c:\notepad git\scintilla\win32\x64\debug\scilexer.tlog\link.command.1.tlog
c:\notepad git\scintilla\win32\x64\debug\scilexer.tlog\link.read.1.tlog
c:\notepad git\scintilla\win32\x64\debug\scilexer.tlog\link.write.1.tlog
c:\notepad git\scintilla\win32\x64\debug\scilexer.tlog\rc.command.1.tlog
c:\notepad git\scintilla\win32\x64\debug\scilexer.tlog\rc.read.1.tlog
c:\notepad git\scintilla\win32\x64\debug\scilexer.tlog\rc.write.1.tlog
c:\notepad git\scintilla\win32\x64\debug\scilexer.tlog\scilexer.write.1u.tlog
